<?xml version="1.0" encoding="UTF-8"?>
<testsuite xmlns:xsi="http://www.w3.org/2001/XMLSchema-instance" xsi:noNamespaceSchemaLocation="https://maven.apache.org/surefire/maven-surefire-plugin/xsd/surefire-test-report.xsd" version="3.0.2" name="org.acme.GreetingResourceTest" time="9.11" tests="1" errors="0" skipped="0" failures="0">
  <properties>
    <property name="java.specification.version" value="17"/>
    <property name="sun.cpu.isalist" value="amd64"/>
    <property name="sun.jnu.encoding" value="Cp1252"/>
    <property name="test.url" value="http://localhost:8081"/>
    <property name="io.quarkus.security.http.test-if-basic-auth-implicitly-required" value="true"/>
    <property name="java.class.path" value="D:\Ung-ProJect\Mcp-server\docker-server\target\test-classes;D:\Ung-ProJect\Mcp-server\docker-server\target\classes;C:\Users\ung-Z13\.m2\repository\io\quarkus\quarkus-arc\3.21.0\quarkus-arc-3.21.0.jar;C:\Users\ung-Z13\.m2\repository\io\quarkus\arc\arc\3.21.0\arc-3.21.0.jar;C:\Users\ung-Z13\.m2\repository\jakarta\enterprise\jakarta.enterprise.cdi-api\4.1.0\jakarta.enterprise.cdi-api-4.1.0.jar;C:\Users\ung-Z13\.m2\repository\jakarta\enterprise\jakarta.enterprise.lang-model\4.1.0\jakarta.enterprise.lang-model-4.1.0.jar;C:\Users\ung-Z13\.m2\repository\jakarta\el\jakarta.el-api\5.0.1\jakarta.el-api-5.0.1.jar;C:\Users\ung-Z13\.m2\repository\jakarta\interceptor\jakarta.interceptor-api\2.2.0\jakarta.interceptor-api-2.2.0.jar;C:\Users\ung-Z13\.m2\repository\jakarta\annotation\jakarta.annotation-api\3.0.0\jakarta.annotation-api-3.0.0.jar;C:\Users\ung-Z13\.m2\repository\jakarta\transaction\jakarta.transaction-api\2.0.1\jakarta.transaction-api-2.0.1.jar;C:\Users\ung-Z13\.m2\repository\io\smallrye\reactive\mutiny\2.8.0\mutiny-2.8.0.jar;C:\Users\ung-Z13\.m2\repository\io\smallrye\common\smallrye-common-annotation\2.10.0\smallrye-common-annotation-2.10.0.jar;C:\Users\ung-Z13\.m2\repository\org\jctools\jctools-core\4.0.5\jctools-core-4.0.5.jar;C:\Users\ung-Z13\.m2\repository\org\jboss\logging\jboss-logging\3.6.1.Final\jboss-logging-3.6.1.Final.jar;C:\Users\ung-Z13\.m2\repository\io\quarkus\quarkus-core\3.21.0\quarkus-core-3.21.0.jar;C:\Users\ung-Z13\.m2\repository\jakarta\inject\jakarta.inject-api\2.0.1\jakarta.inject-api-2.0.1.jar;C:\Users\ung-Z13\.m2\repository\io\smallrye\common\smallrye-common-os\2.10.0\smallrye-common-os-2.10.0.jar;C:\Users\ung-Z13\.m2\repository\io\quarkus\quarkus-ide-launcher\3.21.0\quarkus-ide-launcher-3.21.0.jar;C:\Users\ung-Z13\.m2\repository\io\quarkus\quarkus-development-mode-spi\3.21.0\quarkus-development-mode-spi-3.21.0.jar;C:\Users\ung-Z13\.m2\repository\io\smallrye\config\smallrye-config\3.12.3\smallrye-config-3.12.3.jar;C:\Users\ung-Z13\.m2\repository\io\smallrye\config\smallrye-config-core\3.12.3\smallrye-config-core-3.12.3.jar;C:\Users\ung-Z13\.m2\repository\org\eclipse\microprofile\config\microprofile-config-api\3.1\microprofile-config-api-3.1.jar;C:\Users\ung-Z13\.m2\repository\io\smallrye\common\smallrye-common-classloader\2.10.0\smallrye-common-classloader-2.10.0.jar;C:\Users\ung-Z13\.m2\repository\io\smallrye\config\smallrye-config-common\3.12.3\smallrye-config-common-3.12.3.jar;C:\Users\ung-Z13\.m2\repository\org\jboss\logmanager\jboss-logmanager\3.1.2.Final\jboss-logmanager-3.1.2.Final.jar;C:\Users\ung-Z13\.m2\repository\io\smallrye\common\smallrye-common-constraint\2.10.0\smallrye-common-constraint-2.10.0.jar;C:\Users\ung-Z13\.m2\repository\io\smallrye\common\smallrye-common-cpu\2.10.0\smallrye-common-cpu-2.10.0.jar;C:\Users\ung-Z13\.m2\repository\io\smallrye\common\smallrye-common-expression\2.10.0\smallrye-common-expression-2.10.0.jar;C:\Users\ung-Z13\.m2\repository\io\smallrye\common\smallrye-common-net\2.10.0\smallrye-common-net-2.10.0.jar;C:\Users\ung-Z13\.m2\repository\io\smallrye\common\smallrye-common-ref\2.10.0\smallrye-common-ref-2.10.0.jar;C:\Users\ung-Z13\.m2\repository\jakarta\json\jakarta.json-api\2.1.3\jakarta.json-api-2.1.3.jar;C:\Users\ung-Z13\.m2\repository\org\jboss\logging\jboss-logging-annotations\3.0.4.Final\jboss-logging-annotations-3.0.4.Final.jar;C:\Users\ung-Z13\.m2\repository\org\jboss\threads\jboss-threads\3.8.0.Final\jboss-threads-3.8.0.Final.jar;C:\Users\ung-Z13\.m2\repository\io\smallrye\common\smallrye-common-function\2.10.0\smallrye-common-function-2.10.0.jar;C:\Users\ung-Z13\.m2\repository\org\slf4j\slf4j-api\2.0.6\slf4j-api-2.0.6.jar;C:\Users\ung-Z13\.m2\repository\org\jboss\slf4j\slf4j-jboss-logmanager\2.0.0.Final\slf4j-jboss-logmanager-2.0.0.Final.jar;C:\Users\ung-Z13\.m2\repository\org\wildfly\common\wildfly-common\2.0.1\wildfly-common-2.0.1.jar;C:\Users\ung-Z13\.m2\repository\io\quarkus\quarkus-bootstrap-runner\3.21.0\quarkus-bootstrap-runner-3.21.0.jar;C:\Users\ung-Z13\.m2\repository\io\quarkus\quarkus-fs-util\0.0.10\quarkus-fs-util-0.0.10.jar;C:\Users\ung-Z13\.m2\repository\org\eclipse\microprofile\context-propagation\microprofile-context-propagation-api\1.3\microprofile-context-propagation-api-1.3.jar;C:\Users\ung-Z13\.m2\repository\io\quarkus\quarkus-rest\3.21.0\quarkus-rest-3.21.0.jar;C:\Users\ung-Z13\.m2\repository\io\quarkus\quarkus-rest-common\3.21.0\quarkus-rest-common-3.21.0.jar;C:\Users\ung-Z13\.m2\repository\io\quarkus\resteasy\reactive\resteasy-reactive-common\3.21.0\resteasy-reactive-common-3.21.0.jar;C:\Users\ung-Z13\.m2\repository\io\quarkus\resteasy\reactive\resteasy-reactive-common-types\3.21.0\resteasy-reactive-common-types-3.21.0.jar;C:\Users\ung-Z13\.m2\repository\org\reactivestreams\reactive-streams\1.0.4\reactive-streams-1.0.4.jar;C:\Users\ung-Z13\.m2\repository\io\smallrye\reactive\mutiny-zero-flow-adapters\1.1.1\mutiny-zero-flow-adapters-1.1.1.jar;C:\Users\ung-Z13\.m2\repository\io\quarkus\quarkus-mutiny\3.21.0\quarkus-mutiny-3.21.0.jar;C:\Users\ung-Z13\.m2\repository\io\quarkus\quarkus-smallrye-context-propagation\3.21.0\quarkus-smallrye-context-propagation-3.21.0.jar;C:\Users\ung-Z13\.m2\repository\io\smallrye\smallrye-context-propagation\2.2.0\smallrye-context-propagation-2.2.0.jar;C:\Users\ung-Z13\.m2\repository\io\smallrye\smallrye-context-propagation-api\2.2.0\smallrye-context-propagation-api-2.2.0.jar;C:\Users\ung-Z13\.m2\repository\io\smallrye\smallrye-context-propagation-storage\2.2.0\smallrye-context-propagation-storage-2.2.0.jar;C:\Users\ung-Z13\.m2\repository\io\smallrye\reactive\mutiny-smallrye-context-propagation\2.8.0\mutiny-smallrye-context-propagation-2.8.0.jar;C:\Users\ung-Z13\.m2\repository\io\quarkus\quarkus-vertx\3.21.0\quarkus-vertx-3.21.0.jar;C:\Users\ung-Z13\.m2\repository\io\quarkus\quarkus-netty\3.21.0\quarkus-netty-3.21.0.jar;C:\Users\ung-Z13\.m2\repository\io\netty\netty-codec\4.1.118.Final\netty-codec-4.1.118.Final.jar;C:\Users\ung-Z13\.m2\repository\io\netty\netty-codec-haproxy\4.1.118.Final\netty-codec-haproxy-4.1.118.Final.jar;C:\Users\ung-Z13\.m2\repository\io\quarkus\quarkus-vertx-latebound-mdc-provider\3.21.0\quarkus-vertx-latebound-mdc-provider-3.21.0.jar;C:\Users\ung-Z13\.m2\repository\io\smallrye\smallrye-fault-tolerance-vertx\6.9.0\smallrye-fault-tolerance-vertx-6.9.0.jar;C:\Users\ung-Z13\.m2\repository\io\quarkus\resteasy\reactive\resteasy-reactive-vertx\3.21.0\resteasy-reactive-vertx-3.21.0.jar;C:\Users\ung-Z13\.m2\repository\io\vertx\vertx-web\4.5.13\vertx-web-4.5.13.jar;C:\Users\ung-Z13\.m2\repository\io\vertx\vertx-web-common\4.5.13\vertx-web-common-4.5.13.jar;C:\Users\ung-Z13\.m2\repository\io\vertx\vertx-auth-common\4.5.13\vertx-auth-common-4.5.13.jar;C:\Users\ung-Z13\.m2\repository\io\vertx\vertx-bridge-common\4.5.13\vertx-bridge-common-4.5.13.jar;C:\Users\ung-Z13\.m2\repository\io\smallrye\reactive\smallrye-mutiny-vertx-core\3.18.1\smallrye-mutiny-vertx-core-3.18.1.jar;C:\Users\ung-Z13\.m2\repository\io\smallrye\reactive\smallrye-mutiny-vertx-runtime\3.18.1\smallrye-mutiny-vertx-runtime-3.18.1.jar;C:\Users\ung-Z13\.m2\repository\io\smallrye\reactive\vertx-mutiny-generator\3.18.1\vertx-mutiny-generator-3.18.1.jar;C:\Users\ung-Z13\.m2\repository\io\vertx\vertx-codegen\4.5.13\vertx-codegen-4.5.13.jar;C:\Users\ung-Z13\.m2\repository\io\quarkus\resteasy\reactive\resteasy-reactive\3.21.0\resteasy-reactive-3.21.0.jar;C:\Users\ung-Z13\.m2\repository\io\quarkus\vertx\utils\quarkus-vertx-utils\3.21.0\quarkus-vertx-utils-3.21.0.jar;C:\Users\ung-Z13\.m2\repository\jakarta\ws\rs\jakarta.ws.rs-api\3.1.0\jakarta.ws.rs-api-3.1.0.jar;C:\Users\ung-Z13\.m2\repository\org\jboss\logging\commons-logging-jboss-logging\1.0.0.Final\commons-logging-jboss-logging-1.0.0.Final.jar;C:\Users\ung-Z13\.m2\repository\jakarta\xml\bind\jakarta.xml.bind-api\4.0.2\jakarta.xml.bind-api-4.0.2.jar;C:\Users\ung-Z13\.m2\repository\jakarta\activation\jakarta.activation-api\2.1.3\jakarta.activation-api-2.1.3.jar;C:\Users\ung-Z13\.m2\repository\io\quarkus\quarkus-vertx-http\3.21.0\quarkus-vertx-http-3.21.0.jar;C:\Users\ung-Z13\.m2\repository\io\quarkus\quarkus-security-runtime-spi\3.21.0\quarkus-security-runtime-spi-3.21.0.jar;C:\Users\ung-Z13\.m2\repository\io\quarkus\quarkus-tls-registry\3.21.0\quarkus-tls-registry-3.21.0.jar;C:\Users\ung-Z13\.m2\repository\io\quarkus\quarkus-tls-registry-spi\3.21.0\quarkus-tls-registry-spi-3.21.0.jar;C:\Users\ung-Z13\.m2\repository\io\smallrye\certs\smallrye-private-key-pem-parser\0.9.2\smallrye-private-key-pem-parser-0.9.2.jar;C:\Users\ung-Z13\.m2\repository\io\quarkus\quarkus-credentials\3.21.0\quarkus-credentials-3.21.0.jar;C:\Users\ung-Z13\.m2\repository\io\smallrye\common\smallrye-common-vertx-context\2.10.0\smallrye-common-vertx-context-2.10.0.jar;C:\Users\ung-Z13\.m2\repository\io\quarkus\security\quarkus-security\2.2.1\quarkus-security-2.2.1.jar;C:\Users\ung-Z13\.m2\repository\io\smallrye\reactive\smallrye-mutiny-vertx-web\3.18.1\smallrye-mutiny-vertx-web-3.18.1.jar;C:\Users\ung-Z13\.m2\repository\io\smallrye\reactive\smallrye-mutiny-vertx-web-common\3.18.1\smallrye-mutiny-vertx-web-common-3.18.1.jar;C:\Users\ung-Z13\.m2\repository\io\smallrye\reactive\smallrye-mutiny-vertx-auth-common\3.18.1\smallrye-mutiny-vertx-auth-common-3.18.1.jar;C:\Users\ung-Z13\.m2\repository\io\smallrye\reactive\smallrye-mutiny-vertx-bridge-common\3.18.1\smallrye-mutiny-vertx-bridge-common-3.18.1.jar;C:\Users\ung-Z13\.m2\repository\io\smallrye\reactive\smallrye-mutiny-vertx-uri-template\3.18.1\smallrye-mutiny-vertx-uri-template-3.18.1.jar;C:\Users\ung-Z13\.m2\repository\io\vertx\vertx-uri-template\4.5.13\vertx-uri-template-4.5.13.jar;C:\Users\ung-Z13\.m2\repository\io\github\crac\org-crac\0.1.3\org-crac-0.1.3.jar;C:\Users\ung-Z13\.m2\repository\com\aayushatharva\brotli4j\brotli4j\1.16.0\brotli4j-1.16.0.jar;C:\Users\ung-Z13\.m2\repository\com\aayushatharva\brotli4j\service\1.16.0\service-1.16.0.jar;C:\Users\ung-Z13\.m2\repository\com\aayushatharva\brotli4j\native-windows-x86_64\1.16.0\native-windows-x86_64-1.16.0.jar;C:\Users\ung-Z13\.m2\repository\io\quarkus\quarkus-jsonp\3.21.0\quarkus-jsonp-3.21.0.jar;C:\Users\ung-Z13\.m2\repository\org\eclipse\parsson\parsson\1.1.7\parsson-1.1.7.jar;C:\Users\ung-Z13\.m2\repository\io\quarkus\quarkus-virtual-threads\3.21.0\quarkus-virtual-threads-3.21.0.jar;C:\Users\ung-Z13\.m2\repository\io\vertx\vertx-core\4.5.13\vertx-core-4.5.13.jar;C:\Users\ung-Z13\.m2\repository\io\netty\netty-common\4.1.118.Final\netty-common-4.1.118.Final.jar;C:\Users\ung-Z13\.m2\repository\io\netty\netty-buffer\4.1.118.Final\netty-buffer-4.1.118.Final.jar;C:\Users\ung-Z13\.m2\repository\io\netty\netty-transport\4.1.118.Final\netty-transport-4.1.118.Final.jar;C:\Users\ung-Z13\.m2\repository\io\netty\netty-handler\4.1.118.Final\netty-handler-4.1.118.Final.jar;C:\Users\ung-Z13\.m2\repository\io\netty\netty-transport-native-unix-common\4.1.118.Final\netty-transport-native-unix-common-4.1.118.Final.jar;C:\Users\ung-Z13\.m2\repository\io\netty\netty-handler-proxy\4.1.118.Final\netty-handler-proxy-4.1.118.Final.jar;C:\Users\ung-Z13\.m2\repository\io\netty\netty-codec-socks\4.1.118.Final\netty-codec-socks-4.1.118.Final.jar;C:\Users\ung-Z13\.m2\repository\io\netty\netty-codec-http\4.1.118.Final\netty-codec-http-4.1.118.Final.jar;C:\Users\ung-Z13\.m2\repository\io\netty\netty-codec-http2\4.1.118.Final\netty-codec-http2-4.1.118.Final.jar;C:\Users\ung-Z13\.m2\repository\io\netty\netty-resolver\4.1.118.Final\netty-resolver-4.1.118.Final.jar;C:\Users\ung-Z13\.m2\repository\io\netty\netty-resolver-dns\4.1.118.Final\netty-resolver-dns-4.1.118.Final.jar;C:\Users\ung-Z13\.m2\repository\io\netty\netty-codec-dns\4.1.118.Final\netty-codec-dns-4.1.118.Final.jar;C:\Users\ung-Z13\.m2\repository\com\fasterxml\jackson\core\jackson-core\2.18.2\jackson-core-2.18.2.jar;C:\Users\ung-Z13\.m2\repository\io\quarkiverse\docker\quarkus-docker-client\0.0.4\quarkus-docker-client-0.0.4.jar;C:\Users\ung-Z13\.m2\repository\com\github\docker-java\docker-java-core\3.4.1\docker-java-core-3.4.1.jar;C:\Users\ung-Z13\.m2\repository\com\github\docker-java\docker-java-api\3.4.1\docker-java-api-3.4.1.jar;C:\Users\ung-Z13\.m2\repository\com\fasterxml\jackson\core\jackson-annotations\2.18.2\jackson-annotations-2.18.2.jar;C:\Users\ung-Z13\.m2\repository\com\github\docker-java\docker-java-transport\3.4.1\docker-java-transport-3.4.1.jar;C:\Users\ung-Z13\.m2\repository\commons-io\commons-io\2.18.0\commons-io-2.18.0.jar;C:\Users\ung-Z13\.m2\repository\org\apache\commons\commons-compress\1.27.1\commons-compress-1.27.1.jar;C:\Users\ung-Z13\.m2\repository\org\apache\commons\commons-lang3\3.17.0\commons-lang3-3.17.0.jar;C:\Users\ung-Z13\.m2\repository\com\fasterxml\jackson\core\jackson-databind\2.18.2\jackson-databind-2.18.2.jar;C:\Users\ung-Z13\.m2\repository\com\google\guava\guava\33.4.0-jre\guava-33.4.0-jre.jar;C:\Users\ung-Z13\.m2\repository\com\google\guava\failureaccess\1.0.1\failureaccess-1.0.1.jar;C:\Users\ung-Z13\.m2\repository\org\checkerframework\checker-qual\3.49.1\checker-qual-3.49.1.jar;C:\Users\ung-Z13\.m2\repository\com\google\errorprone\error_prone_annotations\2.36.0\error_prone_annotations-2.36.0.jar;C:\Users\ung-Z13\.m2\repository\com\google\j2objc\j2objc-annotations\2.8\j2objc-annotations-2.8.jar;C:\Users\ung-Z13\.m2\repository\org\bouncycastle\bcpkix-jdk18on\1.80\bcpkix-jdk18on-1.80.jar;C:\Users\ung-Z13\.m2\repository\org\bouncycastle\bcutil-jdk18on\1.80\bcutil-jdk18on-1.80.jar;C:\Users\ung-Z13\.m2\repository\org\bouncycastle\bcprov-jdk18on\1.80\bcprov-jdk18on-1.80.jar;C:\Users\ung-Z13\.m2\repository\com\github\docker-java\docker-java-transport-httpclient5\3.4.1\docker-java-transport-httpclient5-3.4.1.jar;C:\Users\ung-Z13\.m2\repository\org\apache\httpcomponents\client5\httpclient5\5.0.3\httpclient5-5.0.3.jar;C:\Users\ung-Z13\.m2\repository\org\apache\httpcomponents\core5\httpcore5\5.0.2\httpcore5-5.0.2.jar;C:\Users\ung-Z13\.m2\repository\org\apache\httpcomponents\core5\httpcore5-h2\5.0.2\httpcore5-h2-5.0.2.jar;C:\Users\ung-Z13\.m2\repository\net\java\dev\jna\jna\5.8.0\jna-5.8.0.jar;C:\Users\ung-Z13\.m2\repository\io\quarkus\quarkus-picocli\3.21.0\quarkus-picocli-3.21.0.jar;C:\Users\ung-Z13\.m2\repository\info\picocli\picocli\4.7.6\picocli-4.7.6.jar;C:\Users\ung-Z13\.m2\repository\io\quarkus\quarkus-junit5\3.21.0\quarkus-junit5-3.21.0.jar;C:\Users\ung-Z13\.m2\repository\io\quarkus\quarkus-bootstrap-core\3.21.0\quarkus-bootstrap-core-3.21.0.jar;C:\Users\ung-Z13\.m2\repository\io\quarkus\quarkus-classloader-commons\3.21.0\quarkus-classloader-commons-3.21.0.jar;C:\Users\ung-Z13\.m2\repository\io\quarkus\quarkus-bootstrap-app-model\3.21.0\quarkus-bootstrap-app-model-3.21.0.jar;C:\Users\ung-Z13\.m2\repository\io\smallrye\common\smallrye-common-io\2.10.0\smallrye-common-io-2.10.0.jar;C:\Users\ung-Z13\.m2\repository\org\eclipse\sisu\org.eclipse.sisu.inject\0.9.0.M3\org.eclipse.sisu.inject-0.9.0.M3.jar;C:\Users\ung-Z13\.m2\repository\io\quarkus\quarkus-test-common\3.21.0\quarkus-test-common-3.21.0.jar;C:\Users\ung-Z13\.m2\repository\io\quarkus\quarkus-core-deployment\3.21.0\quarkus-core-deployment-3.21.0.jar;C:\Users\ung-Z13\.m2\repository\org\aesh\readline\2.6\readline-2.6.jar;C:\Users\ung-Z13\.m2\repository\org\fusesource\jansi\jansi\2.4.0\jansi-2.4.0.jar;C:\Users\ung-Z13\.m2\repository\org\aesh\aesh\2.8.2\aesh-2.8.2.jar;C:\Users\ung-Z13\.m2\repository\io\quarkus\gizmo\gizmo\1.9.0\gizmo-1.9.0.jar;C:\Users\ung-Z13\.m2\repository\org\ow2\asm\asm-util\9.7.1\asm-util-9.7.1.jar;C:\Users\ung-Z13\.m2\repository\org\ow2\asm\asm-analysis\9.7.1\asm-analysis-9.7.1.jar;C:\Users\ung-Z13\.m2\repository\org\ow2\asm\asm\9.7.1\asm-9.7.1.jar;C:\Users\ung-Z13\.m2\repository\org\ow2\asm\asm-commons\9.7.1\asm-commons-9.7.1.jar;C:\Users\ung-Z13\.m2\repository\org\ow2\asm\asm-tree\9.7.1\asm-tree-9.7.1.jar;C:\Users\ung-Z13\.m2\repository\io\quarkus\quarkus-hibernate-validator-spi\3.21.0\quarkus-hibernate-validator-spi-3.21.0.jar;C:\Users\ung-Z13\.m2\repository\io\quarkus\quarkus-class-change-agent\3.21.0\quarkus-class-change-agent-3.21.0.jar;C:\Users\ung-Z13\.m2\repository\io\quarkus\quarkus-devtools-utilities\3.21.0\quarkus-devtools-utilities-3.21.0.jar;C:\Users\ung-Z13\.m2\repository\io\quarkus\quarkus-builder\3.21.0\quarkus-builder-3.21.0.jar;C:\Users\ung-Z13\.m2\repository\org\graalvm\sdk\nativeimage\23.1.2\nativeimage-23.1.2.jar;C:\Users\ung-Z13\.m2\repository\org\graalvm\sdk\word\23.1.2\word-23.1.2.jar;C:\Users\ung-Z13\.m2\repository\org\junit\platform\junit-platform-launcher\1.10.5\junit-platform-launcher-1.10.5.jar;C:\Users\ung-Z13\.m2\repository\io\quarkus\quarkus-bootstrap-maven-resolver\3.21.0\quarkus-bootstrap-maven-resolver-3.21.0.jar;C:\Users\ung-Z13\.m2\repository\io\smallrye\beanbag\smallrye-beanbag-maven\1.5.2\smallrye-beanbag-maven-1.5.2.jar;C:\Users\ung-Z13\.m2\repository\io\smallrye\beanbag\smallrye-beanbag-sisu\1.5.2\smallrye-beanbag-sisu-1.5.2.jar;C:\Users\ung-Z13\.m2\repository\io\smallrye\beanbag\smallrye-beanbag\1.5.2\smallrye-beanbag-1.5.2.jar;C:\Users\ung-Z13\.m2\repository\javax\inject\javax.inject\1\javax.inject-1.jar;C:\Users\ung-Z13\.m2\repository\org\apache\maven\maven-artifact\3.9.9\maven-artifact-3.9.9.jar;C:\Users\ung-Z13\.m2\repository\org\apache\maven\maven-builder-support\3.9.9\maven-builder-support-3.9.9.jar;C:\Users\ung-Z13\.m2\repository\org\apache\maven\maven-model\3.9.9\maven-model-3.9.9.jar;C:\Users\ung-Z13\.m2\repository\org\apache\maven\maven-model-builder\3.9.9\maven-model-builder-3.9.9.jar;C:\Users\ung-Z13\.m2\repository\org\apache\maven\maven-repository-metadata\3.9.9\maven-repository-metadata-3.9.9.jar;C:\Users\ung-Z13\.m2\repository\org\apache\maven\maven-settings\3.9.9\maven-settings-3.9.9.jar;C:\Users\ung-Z13\.m2\repository\org\apache\maven\resolver\maven-resolver-api\1.9.22\maven-resolver-api-1.9.22.jar;C:\Users\ung-Z13\.m2\repository\org\apache\maven\resolver\maven-resolver-impl\1.9.22\maven-resolver-impl-1.9.22.jar;C:\Users\ung-Z13\.m2\repository\org\apache\maven\resolver\maven-resolver-named-locks\1.9.22\maven-resolver-named-locks-1.9.22.jar;C:\Users\ung-Z13\.m2\repository\org\apache\maven\resolver\maven-resolver-spi\1.9.22\maven-resolver-spi-1.9.22.jar;C:\Users\ung-Z13\.m2\repository\org\apache\maven\resolver\maven-resolver-util\1.9.22\maven-resolver-util-1.9.22.jar;C:\Users\ung-Z13\.m2\repository\org\apache\maven\resolver\maven-resolver-transport-http\1.9.20\maven-resolver-transport-http-1.9.20.jar;C:\Users\ung-Z13\.m2\repository\org\apache\maven\wagon\wagon-provider-api\3.5.3\wagon-provider-api-3.5.3.jar;C:\Users\ung-Z13\.m2\repository\org\apache\maven\wagon\wagon-http-shared\3.5.3\wagon-http-shared-3.5.3.jar;C:\Users\ung-Z13\.m2\repository\org\codehaus\plexus\plexus-interpolation\1.26\plexus-interpolation-1.26.jar;C:\Users\ung-Z13\.m2\repository\org\codehaus\plexus\plexus-utils\3.5.1\plexus-utils-3.5.1.jar;C:\Users\ung-Z13\.m2\repository\org\codehaus\plexus\plexus-xml\4.0.1\plexus-xml-4.0.1.jar;C:\Users\ung-Z13\.m2\repository\org\apache\maven\maven-xml-impl\4.0.0-alpha-5\maven-xml-impl-4.0.0-alpha-5.jar;C:\Users\ung-Z13\.m2\repository\org\apache\maven\maven-api-xml\4.0.0-alpha-5\maven-api-xml-4.0.0-alpha-5.jar;C:\Users\ung-Z13\.m2\repository\org\apache\maven\maven-api-meta\4.0.0-alpha-5\maven-api-meta-4.0.0-alpha-5.jar;C:\Users\ung-Z13\.m2\repository\org\codehaus\plexus\plexus-cipher\2.0\plexus-cipher-2.0.jar;C:\Users\ung-Z13\.m2\repository\org\codehaus\plexus\plexus-sec-dispatcher\2.0\plexus-sec-dispatcher-2.0.jar;C:\Users\ung-Z13\.m2\repository\org\apache\maven\maven-embedder\3.9.9\maven-embedder-3.9.9.jar;C:\Users\ung-Z13\.m2\repository\org\apache\maven\maven-core\3.9.9\maven-core-3.9.9.jar;C:\Users\ung-Z13\.m2\repository\org\codehaus\plexus\plexus-component-annotations\2.1.0\plexus-component-annotations-2.1.0.jar;C:\Users\ung-Z13\.m2\repository\org\apache\maven\maven-plugin-api\3.9.9\maven-plugin-api-3.9.9.jar;C:\Users\ung-Z13\.m2\repository\org\apache\maven\shared\maven-shared-utils\3.4.2\maven-shared-utils-3.4.2.jar;C:\Users\ung-Z13\.m2\repository\com\google\inject\guice\5.1.0\guice-5.1.0.jar;C:\Users\ung-Z13\.m2\repository\aopalliance\aopalliance\1.0\aopalliance-1.0.jar;C:\Users\ung-Z13\.m2\repository\javax\annotation\javax.annotation-api\1.3.2\javax.annotation-api-1.3.2.jar;C:\Users\ung-Z13\.m2\repository\org\codehaus\plexus\plexus-classworlds\2.6.0\plexus-classworlds-2.6.0.jar;C:\Users\ung-Z13\.m2\repository\commons-cli\commons-cli\1.8.0\commons-cli-1.8.0.jar;C:\Users\ung-Z13\.m2\repository\org\eclipse\sisu\org.eclipse.sisu.plexus\0.9.0.M3\org.eclipse.sisu.plexus-0.9.0.M3.jar;C:\Users\ung-Z13\.m2\repository\org\apache\maven\maven-settings-builder\3.9.9\maven-settings-builder-3.9.9.jar;C:\Users\ung-Z13\.m2\repository\org\apache\maven\maven-resolver-provider\3.9.9\maven-resolver-provider-3.9.9.jar;C:\Users\ung-Z13\.m2\repository\org\apache\maven\resolver\maven-resolver-connector-basic\1.9.22\maven-resolver-connector-basic-1.9.22.jar;C:\Users\ung-Z13\.m2\repository\org\apache\maven\resolver\maven-resolver-transport-wagon\1.9.22\maven-resolver-transport-wagon-1.9.22.jar;C:\Users\ung-Z13\.m2\repository\org\apache\maven\wagon\wagon-http\3.5.3\wagon-http-3.5.3.jar;C:\Users\ung-Z13\.m2\repository\org\apache\maven\wagon\wagon-file\3.5.3\wagon-file-3.5.3.jar;C:\Users\ung-Z13\.m2\repository\io\quarkus\quarkus-bootstrap-gradle-resolver\3.21.0\quarkus-bootstrap-gradle-resolver-3.21.0.jar;C:\Users\ung-Z13\.m2\repository\io\smallrye\jandex\3.2.7\jandex-3.2.7.jar;C:\Users\ung-Z13\.m2\repository\io\quarkus\quarkus-junit5-config\3.21.0\quarkus-junit5-config-3.21.0.jar;C:\Users\ung-Z13\.m2\repository\org\junit\jupiter\junit-jupiter-api\5.10.5\junit-jupiter-api-5.10.5.jar;C:\Users\ung-Z13\.m2\repository\org\opentest4j\opentest4j\1.3.0\opentest4j-1.3.0.jar;C:\Users\ung-Z13\.m2\repository\org\junit\platform\junit-platform-commons\1.10.5\junit-platform-commons-1.10.5.jar;C:\Users\ung-Z13\.m2\repository\org\apiguardian\apiguardian-api\1.1.2\apiguardian-api-1.1.2.jar;C:\Users\ung-Z13\.m2\repository\org\junit\jupiter\junit-jupiter\5.10.5\junit-jupiter-5.10.5.jar;C:\Users\ung-Z13\.m2\repository\org\junit\jupiter\junit-jupiter-params\5.10.5\junit-jupiter-params-5.10.5.jar;C:\Users\ung-Z13\.m2\repository\org\junit\jupiter\junit-jupiter-engine\5.10.5\junit-jupiter-engine-5.10.5.jar;C:\Users\ung-Z13\.m2\repository\org\junit\platform\junit-platform-engine\1.10.5\junit-platform-engine-1.10.5.jar;C:\Users\ung-Z13\.m2\repository\org\jboss\marshalling\jboss-marshalling\2.2.2.Final\jboss-marshalling-2.2.2.Final.jar;C:\Users\ung-Z13\.m2\repository\io\rest-assured\rest-assured\5.5.1\rest-assured-5.5.1.jar;C:\Users\ung-Z13\.m2\repository\org\apache\groovy\groovy\4.0.22\groovy-4.0.22.jar;C:\Users\ung-Z13\.m2\repository\org\apache\groovy\groovy-xml\4.0.22\groovy-xml-4.0.22.jar;C:\Users\ung-Z13\.m2\repository\org\apache\httpcomponents\httpclient\4.5.14\httpclient-4.5.14.jar;C:\Users\ung-Z13\.m2\repository\org\apache\httpcomponents\httpcore\4.4.16\httpcore-4.4.16.jar;C:\Users\ung-Z13\.m2\repository\commons-codec\commons-codec\1.18.0\commons-codec-1.18.0.jar;C:\Users\ung-Z13\.m2\repository\org\apache\httpcomponents\httpmime\4.5.14\httpmime-4.5.14.jar;C:\Users\ung-Z13\.m2\repository\org\hamcrest\hamcrest\2.2\hamcrest-2.2.jar;C:\Users\ung-Z13\.m2\repository\org\ccil\cowan\tagsoup\tagsoup\1.2.1\tagsoup-1.2.1.jar;C:\Users\ung-Z13\.m2\repository\io\rest-assured\json-path\5.5.1\json-path-5.5.1.jar;C:\Users\ung-Z13\.m2\repository\org\apache\groovy\groovy-json\4.0.22\groovy-json-4.0.22.jar;C:\Users\ung-Z13\.m2\repository\io\rest-assured\rest-assured-common\5.5.1\rest-assured-common-5.5.1.jar;C:\Users\ung-Z13\.m2\repository\io\rest-assured\xml-path\5.5.1\xml-path-5.5.1.jar;"/>
    <property name="quarkus.container-image.build" value="true"/>
    <property name="java.vm.vendor" value="JetBrains s.r.o."/>
    <property name="sun.arch.data.model" value="64"/>
    <property name="user.variant" value=""/>
    <property name="java.vendor.url" value="https://openjdk.java.net/"/>
    <property name="user.timezone" value="Asia/Seoul"/>
    <property name="user.country.format" value="US"/>
    <property name="logging.initial-configurator.min-level" value="500"/>
    <property name="java.vm.specification.version" value="17"/>
    <property name="os.name" value="Windows 11"/>
    <property name="sun.java.launcher" value="SUN_STANDARD"/>
    <property name="user.country" value="KR"/>
    <property name="groovy.use.classvalue" value="false"/>
    <property name="sun.boot.library.path" value="C:\Users\ung-Z13\.jdks\jbr-17.0.9\bin"/>
    <property name="sun.java.command" value="C:\Users\ung-Z13\AppData\Local\Temp\surefire7124567226939294120\surefirebooter-20250403082646365_3.jar C:\Users\ung-Z13\AppData\Local\Temp\surefire7124567226939294120 2025-04-03T08-26-45_520-jvmRun1 surefire-20250403082646365_1tmp surefire_0-20250403082646365_2tmp"/>
    <property name="jdk.debug" value="release"/>
    <property name="maven.home" value="C:\Users\ung-Z13\.m2\wrapper\dists\apache-maven-3.9.9-bin\33b4b2b4\apache-maven-3.9.9"/>
    <property name="surefire.test.class.path" value="D:\Ung-ProJect\Mcp-server\docker-server\target\test-classes;D:\Ung-ProJect\Mcp-server\docker-server\target\classes;C:\Users\ung-Z13\.m2\repository\io\quarkus\quarkus-arc\3.21.0\quarkus-arc-3.21.0.jar;C:\Users\ung-Z13\.m2\repository\io\quarkus\arc\arc\3.21.0\arc-3.21.0.jar;C:\Users\ung-Z13\.m2\repository\jakarta\enterprise\jakarta.enterprise.cdi-api\4.1.0\jakarta.enterprise.cdi-api-4.1.0.jar;C:\Users\ung-Z13\.m2\repository\jakarta\enterprise\jakarta.enterprise.lang-model\4.1.0\jakarta.enterprise.lang-model-4.1.0.jar;C:\Users\ung-Z13\.m2\repository\jakarta\el\jakarta.el-api\5.0.1\jakarta.el-api-5.0.1.jar;C:\Users\ung-Z13\.m2\repository\jakarta\interceptor\jakarta.interceptor-api\2.2.0\jakarta.interceptor-api-2.2.0.jar;C:\Users\ung-Z13\.m2\repository\jakarta\annotation\jakarta.annotation-api\3.0.0\jakarta.annotation-api-3.0.0.jar;C:\Users\ung-Z13\.m2\repository\jakarta\transaction\jakarta.transaction-api\2.0.1\jakarta.transaction-api-2.0.1.jar;C:\Users\ung-Z13\.m2\repository\io\smallrye\reactive\mutiny\2.8.0\mutiny-2.8.0.jar;C:\Users\ung-Z13\.m2\repository\io\smallrye\common\smallrye-common-annotation\2.10.0\smallrye-common-annotation-2.10.0.jar;C:\Users\ung-Z13\.m2\repository\org\jctools\jctools-core\4.0.5\jctools-core-4.0.5.jar;C:\Users\ung-Z13\.m2\repository\org\jboss\logging\jboss-logging\3.6.1.Final\jboss-logging-3.6.1.Final.jar;C:\Users\ung-Z13\.m2\repository\io\quarkus\quarkus-core\3.21.0\quarkus-core-3.21.0.jar;C:\Users\ung-Z13\.m2\repository\jakarta\inject\jakarta.inject-api\2.0.1\jakarta.inject-api-2.0.1.jar;C:\Users\ung-Z13\.m2\repository\io\smallrye\common\smallrye-common-os\2.10.0\smallrye-common-os-2.10.0.jar;C:\Users\ung-Z13\.m2\repository\io\quarkus\quarkus-ide-launcher\3.21.0\quarkus-ide-launcher-3.21.0.jar;C:\Users\ung-Z13\.m2\repository\io\quarkus\quarkus-development-mode-spi\3.21.0\quarkus-development-mode-spi-3.21.0.jar;C:\Users\ung-Z13\.m2\repository\io\smallrye\config\smallrye-config\3.12.3\smallrye-config-3.12.3.jar;C:\Users\ung-Z13\.m2\repository\io\smallrye\config\smallrye-config-core\3.12.3\smallrye-config-core-3.12.3.jar;C:\Users\ung-Z13\.m2\repository\org\eclipse\microprofile\config\microprofile-config-api\3.1\microprofile-config-api-3.1.jar;C:\Users\ung-Z13\.m2\repository\io\smallrye\common\smallrye-common-classloader\2.10.0\smallrye-common-classloader-2.10.0.jar;C:\Users\ung-Z13\.m2\repository\io\smallrye\config\smallrye-config-common\3.12.3\smallrye-config-common-3.12.3.jar;C:\Users\ung-Z13\.m2\repository\org\jboss\logmanager\jboss-logmanager\3.1.2.Final\jboss-logmanager-3.1.2.Final.jar;C:\Users\ung-Z13\.m2\repository\io\smallrye\common\smallrye-common-constraint\2.10.0\smallrye-common-constraint-2.10.0.jar;C:\Users\ung-Z13\.m2\repository\io\smallrye\common\smallrye-common-cpu\2.10.0\smallrye-common-cpu-2.10.0.jar;C:\Users\ung-Z13\.m2\repository\io\smallrye\common\smallrye-common-expression\2.10.0\smallrye-common-expression-2.10.0.jar;C:\Users\ung-Z13\.m2\repository\io\smallrye\common\smallrye-common-net\2.10.0\smallrye-common-net-2.10.0.jar;C:\Users\ung-Z13\.m2\repository\io\smallrye\common\smallrye-common-ref\2.10.0\smallrye-common-ref-2.10.0.jar;C:\Users\ung-Z13\.m2\repository\jakarta\json\jakarta.json-api\2.1.3\jakarta.json-api-2.1.3.jar;C:\Users\ung-Z13\.m2\repository\org\jboss\logging\jboss-logging-annotations\3.0.4.Final\jboss-logging-annotations-3.0.4.Final.jar;C:\Users\ung-Z13\.m2\repository\org\jboss\threads\jboss-threads\3.8.0.Final\jboss-threads-3.8.0.Final.jar;C:\Users\ung-Z13\.m2\repository\io\smallrye\common\smallrye-common-function\2.10.0\smallrye-common-function-2.10.0.jar;C:\Users\ung-Z13\.m2\repository\org\slf4j\slf4j-api\2.0.6\slf4j-api-2.0.6.jar;C:\Users\ung-Z13\.m2\repository\org\jboss\slf4j\slf4j-jboss-logmanager\2.0.0.Final\slf4j-jboss-logmanager-2.0.0.Final.jar;C:\Users\ung-Z13\.m2\repository\org\wildfly\common\wildfly-common\2.0.1\wildfly-common-2.0.1.jar;C:\Users\ung-Z13\.m2\repository\io\quarkus\quarkus-bootstrap-runner\3.21.0\quarkus-bootstrap-runner-3.21.0.jar;C:\Users\ung-Z13\.m2\repository\io\quarkus\quarkus-fs-util\0.0.10\quarkus-fs-util-0.0.10.jar;C:\Users\ung-Z13\.m2\repository\org\eclipse\microprofile\context-propagation\microprofile-context-propagation-api\1.3\microprofile-context-propagation-api-1.3.jar;C:\Users\ung-Z13\.m2\repository\io\quarkus\quarkus-rest\3.21.0\quarkus-rest-3.21.0.jar;C:\Users\ung-Z13\.m2\repository\io\quarkus\quarkus-rest-common\3.21.0\quarkus-rest-common-3.21.0.jar;C:\Users\ung-Z13\.m2\repository\io\quarkus\resteasy\reactive\resteasy-reactive-common\3.21.0\resteasy-reactive-common-3.21.0.jar;C:\Users\ung-Z13\.m2\repository\io\quarkus\resteasy\reactive\resteasy-reactive-common-types\3.21.0\resteasy-reactive-common-types-3.21.0.jar;C:\Users\ung-Z13\.m2\repository\org\reactivestreams\reactive-streams\1.0.4\reactive-streams-1.0.4.jar;C:\Users\ung-Z13\.m2\repository\io\smallrye\reactive\mutiny-zero-flow-adapters\1.1.1\mutiny-zero-flow-adapters-1.1.1.jar;C:\Users\ung-Z13\.m2\repository\io\quarkus\quarkus-mutiny\3.21.0\quarkus-mutiny-3.21.0.jar;C:\Users\ung-Z13\.m2\repository\io\quarkus\quarkus-smallrye-context-propagation\3.21.0\quarkus-smallrye-context-propagation-3.21.0.jar;C:\Users\ung-Z13\.m2\repository\io\smallrye\smallrye-context-propagation\2.2.0\smallrye-context-propagation-2.2.0.jar;C:\Users\ung-Z13\.m2\repository\io\smallrye\smallrye-context-propagation-api\2.2.0\smallrye-context-propagation-api-2.2.0.jar;C:\Users\ung-Z13\.m2\repository\io\smallrye\smallrye-context-propagation-storage\2.2.0\smallrye-context-propagation-storage-2.2.0.jar;C:\Users\ung-Z13\.m2\repository\io\smallrye\reactive\mutiny-smallrye-context-propagation\2.8.0\mutiny-smallrye-context-propagation-2.8.0.jar;C:\Users\ung-Z13\.m2\repository\io\quarkus\quarkus-vertx\3.21.0\quarkus-vertx-3.21.0.jar;C:\Users\ung-Z13\.m2\repository\io\quarkus\quarkus-netty\3.21.0\quarkus-netty-3.21.0.jar;C:\Users\ung-Z13\.m2\repository\io\netty\netty-codec\4.1.118.Final\netty-codec-4.1.118.Final.jar;C:\Users\ung-Z13\.m2\repository\io\netty\netty-codec-haproxy\4.1.118.Final\netty-codec-haproxy-4.1.118.Final.jar;C:\Users\ung-Z13\.m2\repository\io\quarkus\quarkus-vertx-latebound-mdc-provider\3.21.0\quarkus-vertx-latebound-mdc-provider-3.21.0.jar;C:\Users\ung-Z13\.m2\repository\io\smallrye\smallrye-fault-tolerance-vertx\6.9.0\smallrye-fault-tolerance-vertx-6.9.0.jar;C:\Users\ung-Z13\.m2\repository\io\quarkus\resteasy\reactive\resteasy-reactive-vertx\3.21.0\resteasy-reactive-vertx-3.21.0.jar;C:\Users\ung-Z13\.m2\repository\io\vertx\vertx-web\4.5.13\vertx-web-4.5.13.jar;C:\Users\ung-Z13\.m2\repository\io\vertx\vertx-web-common\4.5.13\vertx-web-common-4.5.13.jar;C:\Users\ung-Z13\.m2\repository\io\vertx\vertx-auth-common\4.5.13\vertx-auth-common-4.5.13.jar;C:\Users\ung-Z13\.m2\repository\io\vertx\vertx-bridge-common\4.5.13\vertx-bridge-common-4.5.13.jar;C:\Users\ung-Z13\.m2\repository\io\smallrye\reactive\smallrye-mutiny-vertx-core\3.18.1\smallrye-mutiny-vertx-core-3.18.1.jar;C:\Users\ung-Z13\.m2\repository\io\smallrye\reactive\smallrye-mutiny-vertx-runtime\3.18.1\smallrye-mutiny-vertx-runtime-3.18.1.jar;C:\Users\ung-Z13\.m2\repository\io\smallrye\reactive\vertx-mutiny-generator\3.18.1\vertx-mutiny-generator-3.18.1.jar;C:\Users\ung-Z13\.m2\repository\io\vertx\vertx-codegen\4.5.13\vertx-codegen-4.5.13.jar;C:\Users\ung-Z13\.m2\repository\io\quarkus\resteasy\reactive\resteasy-reactive\3.21.0\resteasy-reactive-3.21.0.jar;C:\Users\ung-Z13\.m2\repository\io\quarkus\vertx\utils\quarkus-vertx-utils\3.21.0\quarkus-vertx-utils-3.21.0.jar;C:\Users\ung-Z13\.m2\repository\jakarta\ws\rs\jakarta.ws.rs-api\3.1.0\jakarta.ws.rs-api-3.1.0.jar;C:\Users\ung-Z13\.m2\repository\org\jboss\logging\commons-logging-jboss-logging\1.0.0.Final\commons-logging-jboss-logging-1.0.0.Final.jar;C:\Users\ung-Z13\.m2\repository\jakarta\xml\bind\jakarta.xml.bind-api\4.0.2\jakarta.xml.bind-api-4.0.2.jar;C:\Users\ung-Z13\.m2\repository\jakarta\activation\jakarta.activation-api\2.1.3\jakarta.activation-api-2.1.3.jar;C:\Users\ung-Z13\.m2\repository\io\quarkus\quarkus-vertx-http\3.21.0\quarkus-vertx-http-3.21.0.jar;C:\Users\ung-Z13\.m2\repository\io\quarkus\quarkus-security-runtime-spi\3.21.0\quarkus-security-runtime-spi-3.21.0.jar;C:\Users\ung-Z13\.m2\repository\io\quarkus\quarkus-tls-registry\3.21.0\quarkus-tls-registry-3.21.0.jar;C:\Users\ung-Z13\.m2\repository\io\quarkus\quarkus-tls-registry-spi\3.21.0\quarkus-tls-registry-spi-3.21.0.jar;C:\Users\ung-Z13\.m2\repository\io\smallrye\certs\smallrye-private-key-pem-parser\0.9.2\smallrye-private-key-pem-parser-0.9.2.jar;C:\Users\ung-Z13\.m2\repository\io\quarkus\quarkus-credentials\3.21.0\quarkus-credentials-3.21.0.jar;C:\Users\ung-Z13\.m2\repository\io\smallrye\common\smallrye-common-vertx-context\2.10.0\smallrye-common-vertx-context-2.10.0.jar;C:\Users\ung-Z13\.m2\repository\io\quarkus\security\quarkus-security\2.2.1\quarkus-security-2.2.1.jar;C:\Users\ung-Z13\.m2\repository\io\smallrye\reactive\smallrye-mutiny-vertx-web\3.18.1\smallrye-mutiny-vertx-web-3.18.1.jar;C:\Users\ung-Z13\.m2\repository\io\smallrye\reactive\smallrye-mutiny-vertx-web-common\3.18.1\smallrye-mutiny-vertx-web-common-3.18.1.jar;C:\Users\ung-Z13\.m2\repository\io\smallrye\reactive\smallrye-mutiny-vertx-auth-common\3.18.1\smallrye-mutiny-vertx-auth-common-3.18.1.jar;C:\Users\ung-Z13\.m2\repository\io\smallrye\reactive\smallrye-mutiny-vertx-bridge-common\3.18.1\smallrye-mutiny-vertx-bridge-common-3.18.1.jar;C:\Users\ung-Z13\.m2\repository\io\smallrye\reactive\smallrye-mutiny-vertx-uri-template\3.18.1\smallrye-mutiny-vertx-uri-template-3.18.1.jar;C:\Users\ung-Z13\.m2\repository\io\vertx\vertx-uri-template\4.5.13\vertx-uri-template-4.5.13.jar;C:\Users\ung-Z13\.m2\repository\io\github\crac\org-crac\0.1.3\org-crac-0.1.3.jar;C:\Users\ung-Z13\.m2\repository\com\aayushatharva\brotli4j\brotli4j\1.16.0\brotli4j-1.16.0.jar;C:\Users\ung-Z13\.m2\repository\com\aayushatharva\brotli4j\service\1.16.0\service-1.16.0.jar;C:\Users\ung-Z13\.m2\repository\com\aayushatharva\brotli4j\native-windows-x86_64\1.16.0\native-windows-x86_64-1.16.0.jar;C:\Users\ung-Z13\.m2\repository\io\quarkus\quarkus-jsonp\3.21.0\quarkus-jsonp-3.21.0.jar;C:\Users\ung-Z13\.m2\repository\org\eclipse\parsson\parsson\1.1.7\parsson-1.1.7.jar;C:\Users\ung-Z13\.m2\repository\io\quarkus\quarkus-virtual-threads\3.21.0\quarkus-virtual-threads-3.21.0.jar;C:\Users\ung-Z13\.m2\repository\io\vertx\vertx-core\4.5.13\vertx-core-4.5.13.jar;C:\Users\ung-Z13\.m2\repository\io\netty\netty-common\4.1.118.Final\netty-common-4.1.118.Final.jar;C:\Users\ung-Z13\.m2\repository\io\netty\netty-buffer\4.1.118.Final\netty-buffer-4.1.118.Final.jar;C:\Users\ung-Z13\.m2\repository\io\netty\netty-transport\4.1.118.Final\netty-transport-4.1.118.Final.jar;C:\Users\ung-Z13\.m2\repository\io\netty\netty-handler\4.1.118.Final\netty-handler-4.1.118.Final.jar;C:\Users\ung-Z13\.m2\repository\io\netty\netty-transport-native-unix-common\4.1.118.Final\netty-transport-native-unix-common-4.1.118.Final.jar;C:\Users\ung-Z13\.m2\repository\io\netty\netty-handler-proxy\4.1.118.Final\netty-handler-proxy-4.1.118.Final.jar;C:\Users\ung-Z13\.m2\repository\io\netty\netty-codec-socks\4.1.118.Final\netty-codec-socks-4.1.118.Final.jar;C:\Users\ung-Z13\.m2\repository\io\netty\netty-codec-http\4.1.118.Final\netty-codec-http-4.1.118.Final.jar;C:\Users\ung-Z13\.m2\repository\io\netty\netty-codec-http2\4.1.118.Final\netty-codec-http2-4.1.118.Final.jar;C:\Users\ung-Z13\.m2\repository\io\netty\netty-resolver\4.1.118.Final\netty-resolver-4.1.118.Final.jar;C:\Users\ung-Z13\.m2\repository\io\netty\netty-resolver-dns\4.1.118.Final\netty-resolver-dns-4.1.118.Final.jar;C:\Users\ung-Z13\.m2\repository\io\netty\netty-codec-dns\4.1.118.Final\netty-codec-dns-4.1.118.Final.jar;C:\Users\ung-Z13\.m2\repository\com\fasterxml\jackson\core\jackson-core\2.18.2\jackson-core-2.18.2.jar;C:\Users\ung-Z13\.m2\repository\io\quarkiverse\docker\quarkus-docker-client\0.0.4\quarkus-docker-client-0.0.4.jar;C:\Users\ung-Z13\.m2\repository\com\github\docker-java\docker-java-core\3.4.1\docker-java-core-3.4.1.jar;C:\Users\ung-Z13\.m2\repository\com\github\docker-java\docker-java-api\3.4.1\docker-java-api-3.4.1.jar;C:\Users\ung-Z13\.m2\repository\com\fasterxml\jackson\core\jackson-annotations\2.18.2\jackson-annotations-2.18.2.jar;C:\Users\ung-Z13\.m2\repository\com\github\docker-java\docker-java-transport\3.4.1\docker-java-transport-3.4.1.jar;C:\Users\ung-Z13\.m2\repository\commons-io\commons-io\2.18.0\commons-io-2.18.0.jar;C:\Users\ung-Z13\.m2\repository\org\apache\commons\commons-compress\1.27.1\commons-compress-1.27.1.jar;C:\Users\ung-Z13\.m2\repository\org\apache\commons\commons-lang3\3.17.0\commons-lang3-3.17.0.jar;C:\Users\ung-Z13\.m2\repository\com\fasterxml\jackson\core\jackson-databind\2.18.2\jackson-databind-2.18.2.jar;C:\Users\ung-Z13\.m2\repository\com\google\guava\guava\33.4.0-jre\guava-33.4.0-jre.jar;C:\Users\ung-Z13\.m2\repository\com\google\guava\failureaccess\1.0.1\failureaccess-1.0.1.jar;C:\Users\ung-Z13\.m2\repository\org\checkerframework\checker-qual\3.49.1\checker-qual-3.49.1.jar;C:\Users\ung-Z13\.m2\repository\com\google\errorprone\error_prone_annotations\2.36.0\error_prone_annotations-2.36.0.jar;C:\Users\ung-Z13\.m2\repository\com\google\j2objc\j2objc-annotations\2.8\j2objc-annotations-2.8.jar;C:\Users\ung-Z13\.m2\repository\org\bouncycastle\bcpkix-jdk18on\1.80\bcpkix-jdk18on-1.80.jar;C:\Users\ung-Z13\.m2\repository\org\bouncycastle\bcutil-jdk18on\1.80\bcutil-jdk18on-1.80.jar;C:\Users\ung-Z13\.m2\repository\org\bouncycastle\bcprov-jdk18on\1.80\bcprov-jdk18on-1.80.jar;C:\Users\ung-Z13\.m2\repository\com\github\docker-java\docker-java-transport-httpclient5\3.4.1\docker-java-transport-httpclient5-3.4.1.jar;C:\Users\ung-Z13\.m2\repository\org\apache\httpcomponents\client5\httpclient5\5.0.3\httpclient5-5.0.3.jar;C:\Users\ung-Z13\.m2\repository\org\apache\httpcomponents\core5\httpcore5\5.0.2\httpcore5-5.0.2.jar;C:\Users\ung-Z13\.m2\repository\org\apache\httpcomponents\core5\httpcore5-h2\5.0.2\httpcore5-h2-5.0.2.jar;C:\Users\ung-Z13\.m2\repository\net\java\dev\jna\jna\5.8.0\jna-5.8.0.jar;C:\Users\ung-Z13\.m2\repository\io\quarkus\quarkus-picocli\3.21.0\quarkus-picocli-3.21.0.jar;C:\Users\ung-Z13\.m2\repository\info\picocli\picocli\4.7.6\picocli-4.7.6.jar;C:\Users\ung-Z13\.m2\repository\io\quarkus\quarkus-junit5\3.21.0\quarkus-junit5-3.21.0.jar;C:\Users\ung-Z13\.m2\repository\io\quarkus\quarkus-bootstrap-core\3.21.0\quarkus-bootstrap-core-3.21.0.jar;C:\Users\ung-Z13\.m2\repository\io\quarkus\quarkus-classloader-commons\3.21.0\quarkus-classloader-commons-3.21.0.jar;C:\Users\ung-Z13\.m2\repository\io\quarkus\quarkus-bootstrap-app-model\3.21.0\quarkus-bootstrap-app-model-3.21.0.jar;C:\Users\ung-Z13\.m2\repository\io\smallrye\common\smallrye-common-io\2.10.0\smallrye-common-io-2.10.0.jar;C:\Users\ung-Z13\.m2\repository\org\eclipse\sisu\org.eclipse.sisu.inject\0.9.0.M3\org.eclipse.sisu.inject-0.9.0.M3.jar;C:\Users\ung-Z13\.m2\repository\io\quarkus\quarkus-test-common\3.21.0\quarkus-test-common-3.21.0.jar;C:\Users\ung-Z13\.m2\repository\io\quarkus\quarkus-core-deployment\3.21.0\quarkus-core-deployment-3.21.0.jar;C:\Users\ung-Z13\.m2\repository\org\aesh\readline\2.6\readline-2.6.jar;C:\Users\ung-Z13\.m2\repository\org\fusesource\jansi\jansi\2.4.0\jansi-2.4.0.jar;C:\Users\ung-Z13\.m2\repository\org\aesh\aesh\2.8.2\aesh-2.8.2.jar;C:\Users\ung-Z13\.m2\repository\io\quarkus\gizmo\gizmo\1.9.0\gizmo-1.9.0.jar;C:\Users\ung-Z13\.m2\repository\org\ow2\asm\asm-util\9.7.1\asm-util-9.7.1.jar;C:\Users\ung-Z13\.m2\repository\org\ow2\asm\asm-analysis\9.7.1\asm-analysis-9.7.1.jar;C:\Users\ung-Z13\.m2\repository\org\ow2\asm\asm\9.7.1\asm-9.7.1.jar;C:\Users\ung-Z13\.m2\repository\org\ow2\asm\asm-commons\9.7.1\asm-commons-9.7.1.jar;C:\Users\ung-Z13\.m2\repository\org\ow2\asm\asm-tree\9.7.1\asm-tree-9.7.1.jar;C:\Users\ung-Z13\.m2\repository\io\quarkus\quarkus-hibernate-validator-spi\3.21.0\quarkus-hibernate-validator-spi-3.21.0.jar;C:\Users\ung-Z13\.m2\repository\io\quarkus\quarkus-class-change-agent\3.21.0\quarkus-class-change-agent-3.21.0.jar;C:\Users\ung-Z13\.m2\repository\io\quarkus\quarkus-devtools-utilities\3.21.0\quarkus-devtools-utilities-3.21.0.jar;C:\Users\ung-Z13\.m2\repository\io\quarkus\quarkus-builder\3.21.0\quarkus-builder-3.21.0.jar;C:\Users\ung-Z13\.m2\repository\org\graalvm\sdk\nativeimage\23.1.2\nativeimage-23.1.2.jar;C:\Users\ung-Z13\.m2\repository\org\graalvm\sdk\word\23.1.2\word-23.1.2.jar;C:\Users\ung-Z13\.m2\repository\org\junit\platform\junit-platform-launcher\1.10.5\junit-platform-launcher-1.10.5.jar;C:\Users\ung-Z13\.m2\repository\io\quarkus\quarkus-bootstrap-maven-resolver\3.21.0\quarkus-bootstrap-maven-resolver-3.21.0.jar;C:\Users\ung-Z13\.m2\repository\io\smallrye\beanbag\smallrye-beanbag-maven\1.5.2\smallrye-beanbag-maven-1.5.2.jar;C:\Users\ung-Z13\.m2\repository\io\smallrye\beanbag\smallrye-beanbag-sisu\1.5.2\smallrye-beanbag-sisu-1.5.2.jar;C:\Users\ung-Z13\.m2\repository\io\smallrye\beanbag\smallrye-beanbag\1.5.2\smallrye-beanbag-1.5.2.jar;C:\Users\ung-Z13\.m2\repository\javax\inject\javax.inject\1\javax.inject-1.jar;C:\Users\ung-Z13\.m2\repository\org\apache\maven\maven-artifact\3.9.9\maven-artifact-3.9.9.jar;C:\Users\ung-Z13\.m2\repository\org\apache\maven\maven-builder-support\3.9.9\maven-builder-support-3.9.9.jar;C:\Users\ung-Z13\.m2\repository\org\apache\maven\maven-model\3.9.9\maven-model-3.9.9.jar;C:\Users\ung-Z13\.m2\repository\org\apache\maven\maven-model-builder\3.9.9\maven-model-builder-3.9.9.jar;C:\Users\ung-Z13\.m2\repository\org\apache\maven\maven-repository-metadata\3.9.9\maven-repository-metadata-3.9.9.jar;C:\Users\ung-Z13\.m2\repository\org\apache\maven\maven-settings\3.9.9\maven-settings-3.9.9.jar;C:\Users\ung-Z13\.m2\repository\org\apache\maven\resolver\maven-resolver-api\1.9.22\maven-resolver-api-1.9.22.jar;C:\Users\ung-Z13\.m2\repository\org\apache\maven\resolver\maven-resolver-impl\1.9.22\maven-resolver-impl-1.9.22.jar;C:\Users\ung-Z13\.m2\repository\org\apache\maven\resolver\maven-resolver-named-locks\1.9.22\maven-resolver-named-locks-1.9.22.jar;C:\Users\ung-Z13\.m2\repository\org\apache\maven\resolver\maven-resolver-spi\1.9.22\maven-resolver-spi-1.9.22.jar;C:\Users\ung-Z13\.m2\repository\org\apache\maven\resolver\maven-resolver-util\1.9.22\maven-resolver-util-1.9.22.jar;C:\Users\ung-Z13\.m2\repository\org\apache\maven\resolver\maven-resolver-transport-http\1.9.20\maven-resolver-transport-http-1.9.20.jar;C:\Users\ung-Z13\.m2\repository\org\apache\maven\wagon\wagon-provider-api\3.5.3\wagon-provider-api-3.5.3.jar;C:\Users\ung-Z13\.m2\repository\org\apache\maven\wagon\wagon-http-shared\3.5.3\wagon-http-shared-3.5.3.jar;C:\Users\ung-Z13\.m2\repository\org\codehaus\plexus\plexus-interpolation\1.26\plexus-interpolation-1.26.jar;C:\Users\ung-Z13\.m2\repository\org\codehaus\plexus\plexus-utils\3.5.1\plexus-utils-3.5.1.jar;C:\Users\ung-Z13\.m2\repository\org\codehaus\plexus\plexus-xml\4.0.1\plexus-xml-4.0.1.jar;C:\Users\ung-Z13\.m2\repository\org\apache\maven\maven-xml-impl\4.0.0-alpha-5\maven-xml-impl-4.0.0-alpha-5.jar;C:\Users\ung-Z13\.m2\repository\org\apache\maven\maven-api-xml\4.0.0-alpha-5\maven-api-xml-4.0.0-alpha-5.jar;C:\Users\ung-Z13\.m2\repository\org\apache\maven\maven-api-meta\4.0.0-alpha-5\maven-api-meta-4.0.0-alpha-5.jar;C:\Users\ung-Z13\.m2\repository\org\codehaus\plexus\plexus-cipher\2.0\plexus-cipher-2.0.jar;C:\Users\ung-Z13\.m2\repository\org\codehaus\plexus\plexus-sec-dispatcher\2.0\plexus-sec-dispatcher-2.0.jar;C:\Users\ung-Z13\.m2\repository\org\apache\maven\maven-embedder\3.9.9\maven-embedder-3.9.9.jar;C:\Users\ung-Z13\.m2\repository\org\apache\maven\maven-core\3.9.9\maven-core-3.9.9.jar;C:\Users\ung-Z13\.m2\repository\org\codehaus\plexus\plexus-component-annotations\2.1.0\plexus-component-annotations-2.1.0.jar;C:\Users\ung-Z13\.m2\repository\org\apache\maven\maven-plugin-api\3.9.9\maven-plugin-api-3.9.9.jar;C:\Users\ung-Z13\.m2\repository\org\apache\maven\shared\maven-shared-utils\3.4.2\maven-shared-utils-3.4.2.jar;C:\Users\ung-Z13\.m2\repository\com\google\inject\guice\5.1.0\guice-5.1.0.jar;C:\Users\ung-Z13\.m2\repository\aopalliance\aopalliance\1.0\aopalliance-1.0.jar;C:\Users\ung-Z13\.m2\repository\javax\annotation\javax.annotation-api\1.3.2\javax.annotation-api-1.3.2.jar;C:\Users\ung-Z13\.m2\repository\org\codehaus\plexus\plexus-classworlds\2.6.0\plexus-classworlds-2.6.0.jar;C:\Users\ung-Z13\.m2\repository\commons-cli\commons-cli\1.8.0\commons-cli-1.8.0.jar;C:\Users\ung-Z13\.m2\repository\org\eclipse\sisu\org.eclipse.sisu.plexus\0.9.0.M3\org.eclipse.sisu.plexus-0.9.0.M3.jar;C:\Users\ung-Z13\.m2\repository\org\apache\maven\maven-settings-builder\3.9.9\maven-settings-builder-3.9.9.jar;C:\Users\ung-Z13\.m2\repository\org\apache\maven\maven-resolver-provider\3.9.9\maven-resolver-provider-3.9.9.jar;C:\Users\ung-Z13\.m2\repository\org\apache\maven\resolver\maven-resolver-connector-basic\1.9.22\maven-resolver-connector-basic-1.9.22.jar;C:\Users\ung-Z13\.m2\repository\org\apache\maven\resolver\maven-resolver-transport-wagon\1.9.22\maven-resolver-transport-wagon-1.9.22.jar;C:\Users\ung-Z13\.m2\repository\org\apache\maven\wagon\wagon-http\3.5.3\wagon-http-3.5.3.jar;C:\Users\ung-Z13\.m2\repository\org\apache\maven\wagon\wagon-file\3.5.3\wagon-file-3.5.3.jar;C:\Users\ung-Z13\.m2\repository\io\quarkus\quarkus-bootstrap-gradle-resolver\3.21.0\quarkus-bootstrap-gradle-resolver-3.21.0.jar;C:\Users\ung-Z13\.m2\repository\io\smallrye\jandex\3.2.7\jandex-3.2.7.jar;C:\Users\ung-Z13\.m2\repository\io\quarkus\quarkus-junit5-config\3.21.0\quarkus-junit5-config-3.21.0.jar;C:\Users\ung-Z13\.m2\repository\org\junit\jupiter\junit-jupiter-api\5.10.5\junit-jupiter-api-5.10.5.jar;C:\Users\ung-Z13\.m2\repository\org\opentest4j\opentest4j\1.3.0\opentest4j-1.3.0.jar;C:\Users\ung-Z13\.m2\repository\org\junit\platform\junit-platform-commons\1.10.5\junit-platform-commons-1.10.5.jar;C:\Users\ung-Z13\.m2\repository\org\apiguardian\apiguardian-api\1.1.2\apiguardian-api-1.1.2.jar;C:\Users\ung-Z13\.m2\repository\org\junit\jupiter\junit-jupiter\5.10.5\junit-jupiter-5.10.5.jar;C:\Users\ung-Z13\.m2\repository\org\junit\jupiter\junit-jupiter-params\5.10.5\junit-jupiter-params-5.10.5.jar;C:\Users\ung-Z13\.m2\repository\org\junit\jupiter\junit-jupiter-engine\5.10.5\junit-jupiter-engine-5.10.5.jar;C:\Users\ung-Z13\.m2\repository\org\junit\platform\junit-platform-engine\1.10.5\junit-platform-engine-1.10.5.jar;C:\Users\ung-Z13\.m2\repository\org\jboss\marshalling\jboss-marshalling\2.2.2.Final\jboss-marshalling-2.2.2.Final.jar;C:\Users\ung-Z13\.m2\repository\io\rest-assured\rest-assured\5.5.1\rest-assured-5.5.1.jar;C:\Users\ung-Z13\.m2\repository\org\apache\groovy\groovy\4.0.22\groovy-4.0.22.jar;C:\Users\ung-Z13\.m2\repository\org\apache\groovy\groovy-xml\4.0.22\groovy-xml-4.0.22.jar;C:\Users\ung-Z13\.m2\repository\org\apache\httpcomponents\httpclient\4.5.14\httpclient-4.5.14.jar;C:\Users\ung-Z13\.m2\repository\org\apache\httpcomponents\httpcore\4.4.16\httpcore-4.4.16.jar;C:\Users\ung-Z13\.m2\repository\commons-codec\commons-codec\1.18.0\commons-codec-1.18.0.jar;C:\Users\ung-Z13\.m2\repository\org\apache\httpcomponents\httpmime\4.5.14\httpmime-4.5.14.jar;C:\Users\ung-Z13\.m2\repository\org\hamcrest\hamcrest\2.2\hamcrest-2.2.jar;C:\Users\ung-Z13\.m2\repository\org\ccil\cowan\tagsoup\tagsoup\1.2.1\tagsoup-1.2.1.jar;C:\Users\ung-Z13\.m2\repository\io\rest-assured\json-path\5.5.1\json-path-5.5.1.jar;C:\Users\ung-Z13\.m2\repository\org\apache\groovy\groovy-json\4.0.22\groovy-json-4.0.22.jar;C:\Users\ung-Z13\.m2\repository\io\rest-assured\rest-assured-common\5.5.1\rest-assured-common-5.5.1.jar;C:\Users\ung-Z13\.m2\repository\io\rest-assured\xml-path\5.5.1\xml-path-5.5.1.jar;"/>
    <property name="sun.cpu.endian" value="little"/>
    <property name="vertx.disableWebsockets" value="true"/>
    <property name="user.home" value="C:\Users\ung-Z13"/>
    <property name="user.language" value="ko"/>
    <property name="jboss.log-version" value="false"/>
    <property name="java.specification.vendor" value="Oracle Corporation"/>
    <property name="io.netty.allocator.maxOrder" value="3"/>
    <property name="java.version.date" value="2023-10-17"/>
    <property name="java.home" value="C:\Users\ung-Z13\.jdks\jbr-17.0.9"/>
    <property name="file.separator" value="\"/>
    <property name="basedir" value="D:\Ung-ProJect\Mcp-server\docker-server"/>
    <property name="java.vm.compressedOopsMode" value="Zero based"/>
    <property name="line.separator" value="&#10;"/>
    <property name="java.vm.specification.vendor" value="Oracle Corporation"/>
    <property name="java.specification.name" value="Java Platform API Specification"/>
    <property name="jbr.virtualization.information" value="Hyper-V role"/>
    <property name="io.netty.allocator.disableCacheFinalizersForFastThreadLocalThreads" value="true"/>
    <property name="surefire.real.class.path" value="C:\Users\ung-Z13\AppData\Local\Temp\surefire7124567226939294120\surefirebooter-20250403082646365_3.jar"/>
    <property name="user.script" value=""/>
    <property name="sun.management.compiler" value="HotSpot 64-Bit Tiered Compilers"/>
    <property name="java.runtime.version" value="17.0.9+8-b1166.2"/>
    <property name="user.name" value="ung-Z13"/>
    <property name="path.separator" value=";"/>
    <property name="os.version" value="10.0"/>
    <property name="java.runtime.name" value="OpenJDK Runtime Environment"/>
    <property name="file.encoding" value="Cp1252"/>
    <property name="java.vm.name" value="OpenJDK 64-Bit Server VM"/>
    <property name="java.vendor.version" value="JBR-17.0.9+8-1166.2-nomod"/>
    <property name="localRepository" value="C:\Users\ung-Z13\.m2\repository"/>
    <property name="java.vendor.url.bug" value="https://bugreport.java.com/bugreport/"/>
    <property name="java.io.tmpdir" value="C:\Users\ung-Z13\AppData\Local\Temp\"/>
    <property name="quarkus.log.file.path" value="target\quarkus.log"/>
    <property name="java.version" value="17.0.9"/>
    <property name="java.util.concurrent.ForkJoinPool.common.threadFactory" value="io.quarkus.bootstrap.forkjoin.QuarkusForkJoinWorkerThreadFactory"/>
    <property name="user.dir" value="D:\Ung-ProJect\Mcp-server\docker-server"/>
    <property name="os.arch" value="amd64"/>
    <property name="java.vm.specification.name" value="Java Virtual Machine Specification"/>
    <property name="vertx.disableDnsResolver" value="true"/>
    <property name="user.language.format" value="en"/>
    <property name="sun.os.patch.level" value=""/>
    <property name="native.encoding" value="Cp1252"/>
    <property name="java.util.logging.manager" value="org.jboss.logmanager.LogManager"/>
    <property name="java.library.path" value="C:\Users\ung-Z13\.jdks\jbr-17.0.9\bin;C:\WINDOWS\Sun\Java\bin;C:\WINDOWS\system32;C:\WINDOWS;C:\Program Files\Git\mingw64\bin;C:\Program Files\Git\usr\bin;C:\Users\ung-Z13\bin;C:\kotlin-native-windows-x86_64-1.8.10\bin;C:\WINDOWS;C:\Users\ung-Z13\apache-maven-3.9.8\bin;C:\Users\ung-Z13\.jdks\jbr-17.0.9\bin;C:\WINDOWS\System32\Wbem;C:\WINDOWS\System32\WindowsPowerShell\v1.0;C:\WINDOWS\System32\OpenSSH;C:\Program Files\dotnet;C:\Program Files\Vim\vim91;C:\Program Files\MATLAB\R2023b\runtime\win64;C:\Program Files\MATLAB\R2023b\bin;C:\curl-8.7.1_7-win64-mingw\bin;C:\Program Files\Git\cmd;C:\Program Files\GitHub CLI;C:\Users\ung-Z13\eclipse\java-2024-03\eclipse;D:\WildFly_Server_VSC\wildfly-29.0.1.Final\bin;D:\WildFly_Server_VSC\wildfly-29.0.1.Final;C:\Program Files (x86)\Windows Kits\10\Windows Performance Toolkit;C:\Users\ung-Z13\AppData\Roaming\nvm;C:\Program Files\nodejs;%MAVEN_HOME%\bin;C:\Gradle\gradle-8.12.1\bin;C:\Users\ung-Z13\.jdks\jbr-17.0.9;C:\platform-tools;C:\Users\ung-Z13\.local\bin;C:\Users\ung-Z13\AppData\Local\pnpm;C:\Users\ung-Z13\AppData\Local\Programs\Python\Python311\Scripts;C:\Users\ung-Z13\AppData\Local\Programs\Python\Python311;C:\Users\ung-Z13\AppData\Local\Programs\Python\Launcher;C:\Users\ung-Z13\.jbang\bin;C:\Users\ung-Z13\.jbang\currentjdk\bin;C:\Users\ung-Z13\AppData\Local\Microsoft\WindowsApps;C:\Program Files\JetBrains\IntelliJ IDEA 2023.3.6\bin;C:\Program Files\Neovim\bin;C:\Users\ung-Z13\AppData\Roaming\npm;C:\Program Files\JetBrains\RubyMine 2024.1\bin;C:\Program Files\JetBrains\PyCharm 2024.1\bin;C:\Users\ung-Z13\AppData\Local\Programs\Microsoft VS Code\bin;C:\Users\ung-Z13\AppData\Local\Coursier\data\bin;C:\Users\ung-Z13\AppData\Local\GitHubDesktop\bin;C:\Program Files\JetBrains\IntelliJ IDEA 242.19890.14\bin;C:\Program Files\JetBrains\WebStorm 242.15523.6\bin;C:\Users\ung-Z13\AppData\Local\Microsoft\WinGet\Links;C:\Users\ung-Z13\AppData\Local\JetBrains\CLion 242.20224.66\bin;C:\Users\ung-Z13\AppData\Local\JetBrains\Toolbox\scripts;C:\Program Files\JetBrains\DataGrip 2024.3.3\bin;C:\Program Files\JetBrains\IntelliJ IDEA 251.23774.109\bin;C:\Users\ung-Z13\.jdks\jbr-17.0.9\bin;C:\Users\ung-Z13\apache-maven-3.9.8\bin;D:\WildFly_Server_VSC\wildfly-29.0.1.Final\bin;D:\WildFly_Server_VSC\wildfly-29.0.1.Final;C:\Program Files\JetBrains\WebStorm 2024.3\bin;C:\Users\ung-Z13\AppData\Roaming\nvm;C:\Program Files\nodejs;C:\Users\ung-Z13\AppData\Local\Microsoft\WindowsApps;C:\Program Files\JetBrains\Writerside 243.22562.371\bin;C:\Program Files\JetBrains\PyCharm 251.23774.37\bin;."/>
    <property name="jdk.console" value="java.base"/>
    <property name="java.vm.info" value="mixed mode"/>
    <property name="java.vendor" value="JetBrains s.r.o."/>
    <property name="vertx.disableTCCL" value="true"/>
    <property name="java.vm.version" value="17.0.9+8-b1166.2"/>
    <property name="vertx.logger-delegate-factory-class-name" value="io.quarkus.vertx.core.runtime.VertxLogDelegateFactory"/>
    <property name="sun.io.unicode.encoding" value="UnicodeLittle"/>
    <property name="io.netty.machineId" value="62:d5:91:2d:2e:9c:53:b7"/>
    <property name="java.class.version" value="61.0"/>
  </properties>
  <testcase name="testHelloEndpoint" classname="org.acme.GreetingResourceTest" time="1.501">
    <system-out><![CDATA[2025-04-03 08:26:53,922 WARN  [io.qua.config] (main) Unrecognized configuration key "quarkus.container-image.build" was provided; it will be ignored; verify that the dependency extension for this configuration is set or that you did not make a typo
2025-04-03 08:26:54,964 INFO  [io.quarkus] (main) docker-server 1.0.0-SNAPSHOT on JVM (powered by Quarkus 3.21.0) started in 6.794s. Listening on: http://localhost:8081
2025-04-03 08:26:54,964 INFO  [io.quarkus] (main) Profile test activated. 
2025-04-03 08:26:54,964 INFO  [io.quarkus] (main) Installed features: [cdi, docker-client, picocli, rest, smallrye-context-propagation, vertx]
]]></system-out>
  </testcase>
</testsuite>